<?xml version="1.0" encoding="utf-8"?><testsuites name="pytest tests"><testsuite name="pytest" errors="0" failures="0" skipped="0" tests="20" time="8.158" timestamp="2026-09-07T17:11:06.833578+00:00" hostname="agent-env-50deb03c-d27d-4c06-9f2e-3f260202de5f"><testcase classname="tests.test_e2e_api" name="test_root_returns_ok" time="0.238" /><testcase classname="tests.test_e2e_api" name="test_anonymous_dashboard_redirects_login" time="0.549" /><testcase classname="tests.test_e2e_api" name="test_login_page_renders" time="0.292" /><testcase classname="tests.test_e2e_api" name="test_login_wrong_password_shows_error" time="0.799" /><testcase classname="tests.test_e2e_api" name="test_spv_dashboard" time="0.916" /><testcase classname="tests.test_e2e_api" name="test_spv_filter_maryadi_consistent" time="0.118" /><testcase classname="tests.test_e2e_api" name="test_spv_export_excel" time="0.123" /><testcase classname="tests.test_e2e_api" name="test_spv_readonly_forbidden" time="0.156" /><testcase classname="tests.test_e2e_api" name="test_spv_detail_no_edit_button" time="0.241" /><testcase classname="tests.test_e2e_api" name="test_spv_blast_wa_no_buttons" time="0.132" /><testcase classname="tests.test_e2e_api" name="test_sales_dashboard" time="0.924" /><testcase classname="tests.test_e2e_api" name="test_sales_scope_isolation" time="0.135" /><testcase classname="tests.test_e2e_api" name="test_sales_cannot_view_other_owner_detail" time="0.217" /><testcase classname="tests.test_e2e_api" name="test_cek_instansi_ajax" time="0.115" /><testcase classname="tests.test_e2e_api" name="test_case_insensitive_uniqueness" time="0.420" /><testcase classname="tests.test_e2e_api" name="test_create_new_institution_and_normalize_wa" time="0.348" /><testcase classname="tests.test_e2e_api" name="test_edit_kunjungan_to_closing" time="0.470" /><testcase classname="tests.test_e2e_api" name="test_blast_wa_page_and_h2" time="0.538" /><testcase classname="tests.test_e2e_api" name="test_logout_post_only" time="0.309" /><testcase classname="tests.test_e2e_api" name="test_admin_superuser" time="0.861" /></testsuite></testsuites>